<?xml version="1.0" encoding="UTF-8" ?>
<testsuite failures="0" time="0.015" errors="0" skipped="0" tests="39" name="org.apache.mahout.math.TestDenseVector">
  <properties>
    <property name="java.runtime.name" value="Java(TM) SE Runtime Environment"/>
    <property name="sun.boot.library.path" value="/usr/java/jdk1.6.0_14_64/jre/lib/amd64"/>
    <property name="java.vm.version" value="14.0-b16"/>
    <property name="java.vm.vendor" value="Sun Microsystems Inc."/>
    <property name="java.vendor.url" value="http://java.sun.com/"/>
    <property name="path.separator" value=":"/>
    <property name="java.vm.name" value="Java HotSpot(TM) 64-Bit Server VM"/>
    <property name="file.encoding.pkg" value="sun.io"/>
    <property name="user.country" value="US"/>
    <property name="sun.java.launcher" value="SUN_STANDARD"/>
    <property name="sun.os.patch.level" value="unknown"/>
    <property name="java.vm.specification.name" value="Java Virtual Machine Specification"/>
    <property name="user.dir" value="/home/kevin/HiBench-2.1/common/mahout-distribution-0.7/math"/>
    <property name="java.runtime.version" value="1.6.0_14-b08"/>
    <property name="java.awt.graphicsenv" value="sun.awt.X11GraphicsEnvironment"/>
    <property name="basedir" value="/home/kevin/HiBench-2.1/common/mahout-distribution-0.7/math"/>
    <property name="java.endorsed.dirs" value="/usr/java/jdk1.6.0_14_64/jre/lib/endorsed"/>
    <property name="os.arch" value="amd64"/>
    <property name="surefire.real.class.path" value="/home/kevin/HiBench-2.1/common/mahout-distribution-0.7/math/target/surefire/surefirebooter7952998397199369097.jar"/>
    <property name="java.io.tmpdir" value="/tmp"/>
    <property name="line.separator" value="
"/>
    <property name="java.vm.specification.vendor" value="Sun Microsystems Inc."/>
    <property name="os.name" value="Linux"/>
    <property name="sun.jnu.encoding" value="UTF-8"/>
    <property name="java.library.path" value="/usr/java/jdk1.6.0_14_64/jre/lib/amd64/server:/usr/java/jdk1.6.0_14_64/jre/lib/amd64:/usr/java/jdk1.6.0_14_64/jre/../lib/amd64:/usr/java/packages/lib/amd64:/lib:/usr/lib"/>
    <property name="surefire.test.class.path" value="/home/kevin/HiBench-2.1/common/mahout-distribution-0.7/math/target/test-classes:/home/kevin/HiBench-2.1/common/mahout-distribution-0.7/math/target/classes:/home/kevin/.m2/repository/org/apache/commons/commons-math/2.2/commons-math-2.2.jar:/home/kevin/.m2/repository/org/uncommons/maths/uncommons-maths/1.2.2/uncommons-maths-1.2.2.jar:/home/kevin/.m2/repository/jfree/jcommon/1.0.12/jcommon-1.0.12.jar:/home/kevin/.m2/repository/com/google/guava/guava/r09/guava-r09.jar:/home/kevin/.m2/repository/org/slf4j/slf4j-api/1.6.1/slf4j-api-1.6.1.jar:/home/kevin/.m2/repository/org/slf4j/slf4j-jcl/1.6.1/slf4j-jcl-1.6.1.jar:/home/kevin/.m2/repository/commons-logging/commons-logging/1.1.1/commons-logging-1.1.1.jar:/home/kevin/.m2/repository/junit/junit/4.8.2/junit-4.8.2.jar:"/>
    <property name="java.specification.name" value="Java Platform API Specification"/>
    <property name="java.class.version" value="50.0"/>
    <property name="sun.management.compiler" value="HotSpot 64-Bit Server Compiler"/>
    <property name="os.version" value="2.6.32-131.0.15.el6.x86_64"/>
    <property name="user.home" value="/home/kevin"/>
    <property name="user.timezone" value="Asia/Shanghai"/>
    <property name="java.awt.printerjob" value="sun.print.PSPrinterJob"/>
    <property name="file.encoding" value="UTF-8"/>
    <property name="java.specification.version" value="1.6"/>
    <property name="user.name" value="kevin"/>
    <property name="java.class.path" value="/home/kevin/HiBench-2.1/common/mahout-distribution-0.7/math/target/test-classes:/home/kevin/HiBench-2.1/common/mahout-distribution-0.7/math/target/classes:/home/kevin/.m2/repository/org/apache/commons/commons-math/2.2/commons-math-2.2.jar:/home/kevin/.m2/repository/org/uncommons/maths/uncommons-maths/1.2.2/uncommons-maths-1.2.2.jar:/home/kevin/.m2/repository/jfree/jcommon/1.0.12/jcommon-1.0.12.jar:/home/kevin/.m2/repository/com/google/guava/guava/r09/guava-r09.jar:/home/kevin/.m2/repository/org/slf4j/slf4j-api/1.6.1/slf4j-api-1.6.1.jar:/home/kevin/.m2/repository/org/slf4j/slf4j-jcl/1.6.1/slf4j-jcl-1.6.1.jar:/home/kevin/.m2/repository/commons-logging/commons-logging/1.1.1/commons-logging-1.1.1.jar:/home/kevin/.m2/repository/junit/junit/4.8.2/junit-4.8.2.jar:"/>
    <property name="java.vm.specification.version" value="1.0"/>
    <property name="sun.arch.data.model" value="64"/>
    <property name="java.home" value="/usr/java/jdk1.6.0_14_64/jre"/>
    <property name="java.specification.vendor" value="Sun Microsystems Inc."/>
    <property name="user.language" value="en"/>
    <property name="java.vm.info" value="mixed mode"/>
    <property name="java.version" value="1.6.0_14"/>
    <property name="java.ext.dirs" value="/usr/java/jdk1.6.0_14_64/jre/lib/ext:/usr/java/packages/lib/ext"/>
    <property name="sun.boot.class.path" value="/usr/java/jdk1.6.0_14_64/jre/lib/resources.jar:/usr/java/jdk1.6.0_14_64/jre/lib/rt.jar:/usr/java/jdk1.6.0_14_64/jre/lib/sunrsasign.jar:/usr/java/jdk1.6.0_14_64/jre/lib/jsse.jar:/usr/java/jdk1.6.0_14_64/jre/lib/jce.jar:/usr/java/jdk1.6.0_14_64/jre/lib/charsets.jar:/usr/java/jdk1.6.0_14_64/jre/classes"/>
    <property name="java.vendor" value="Sun Microsystems Inc."/>
    <property name="localRepository" value="/home/kevin/.m2/repository"/>
    <property name="file.separator" value="/"/>
    <property name="java.vendor.url.bug" value="http://java.sun.com/cgi-bin/bugreport.cgi"/>
    <property name="sun.cpu.endian" value="little"/>
    <property name="sun.io.unicode.encoding" value="UnicodeLittle"/>
    <property name="sun.cpu.isalist" value=""/>
  </properties>
  <testcase time="0.001" classname="org.apache.mahout.math.TestDenseVector" name="testSet"/>
  <testcase time="0" classname="org.apache.mahout.math.TestDenseVector" name="testCardinality"/>
  <testcase time="0" classname="org.apache.mahout.math.TestDenseVector" name="testIterator"/>
  <testcase time="0" classname="org.apache.mahout.math.TestDenseVector" name="testIteratorSet"/>
  <testcase time="0" classname="org.apache.mahout.math.TestDenseVector" name="testCopy"/>
  <testcase time="0.001" classname="org.apache.mahout.math.TestDenseVector" name="testGet"/>
  <testcase time="0" classname="org.apache.mahout.math.TestDenseVector" name="testGetOver"/>
  <testcase time="0" classname="org.apache.mahout.math.TestDenseVector" name="testGetUnder"/>
  <testcase time="0" classname="org.apache.mahout.math.TestDenseVector" name="testSize"/>
  <testcase time="0" classname="org.apache.mahout.math.TestDenseVector" name="testViewPart"/>
  <testcase time="0.001" classname="org.apache.mahout.math.TestDenseVector" name="testViewPartUnder"/>
  <testcase time="0" classname="org.apache.mahout.math.TestDenseVector" name="testViewPartOver"/>
  <testcase time="0" classname="org.apache.mahout.math.TestDenseVector" name="testViewPartCardinality"/>
  <testcase time="0" classname="org.apache.mahout.math.TestDenseVector" name="testSparseDoubleVectorInt"/>
  <testcase time="0" classname="org.apache.mahout.math.TestDenseVector" name="testDot"/>
  <testcase time="0.001" classname="org.apache.mahout.math.TestDenseVector" name="testDot2"/>
  <testcase time="0" classname="org.apache.mahout.math.TestDenseVector" name="testDotCardinality"/>
  <testcase time="0" classname="org.apache.mahout.math.TestDenseVector" name="testNormalize"/>
  <testcase time="0" classname="org.apache.mahout.math.TestDenseVector" name="testMinus"/>
  <testcase time="0.001" classname="org.apache.mahout.math.TestDenseVector" name="testPlusDouble"/>
  <testcase time="0" classname="org.apache.mahout.math.TestDenseVector" name="testPlusVector"/>
  <testcase time="0" classname="org.apache.mahout.math.TestDenseVector" name="testPlusVectorCardinality"/>
  <testcase time="0" classname="org.apache.mahout.math.TestDenseVector" name="testTimesDouble"/>
  <testcase time="0" classname="org.apache.mahout.math.TestDenseVector" name="testDivideDouble"/>
  <testcase time="0" classname="org.apache.mahout.math.TestDenseVector" name="testTimesVector"/>
  <testcase time="0.001" classname="org.apache.mahout.math.TestDenseVector" name="testTimesVectorCardinality"/>
  <testcase time="0" classname="org.apache.mahout.math.TestDenseVector" name="testZSum"/>
  <testcase time="0" classname="org.apache.mahout.math.TestDenseVector" name="testGetDistanceSquared"/>
  <testcase time="0" classname="org.apache.mahout.math.TestDenseVector" name="testAssignDouble"/>
  <testcase time="0" classname="org.apache.mahout.math.TestDenseVector" name="testAssignDoubleArray"/>
  <testcase time="0" classname="org.apache.mahout.math.TestDenseVector" name="testAssignDoubleArrayCardinality"/>
  <testcase time="0.001" classname="org.apache.mahout.math.TestDenseVector" name="testAssignVector"/>
  <testcase time="0" classname="org.apache.mahout.math.TestDenseVector" name="testAssignVectorCardinality"/>
  <testcase time="0" classname="org.apache.mahout.math.TestDenseVector" name="testAssignUnaryFunction"/>
  <testcase time="0" classname="org.apache.mahout.math.TestDenseVector" name="testAssignBinaryFunction"/>
  <testcase time="0" classname="org.apache.mahout.math.TestDenseVector" name="testAssignBinaryFunction2"/>
  <testcase time="0" classname="org.apache.mahout.math.TestDenseVector" name="testAssignBinaryFunction3"/>
  <testcase time="0.001" classname="org.apache.mahout.math.TestDenseVector" name="testLike"/>
  <testcase time="0" classname="org.apache.mahout.math.TestDenseVector" name="testCrossProduct"/>
</testsuite>