<?xml version="1.0" encoding="UTF-8" ?>
<testsuite 
tests="3" name="org.apache.mahout.math.scalabindings.VectorOpsSuite" hostname="c1704.halxg.cloudera.com" failures="0" timestamp="2014-05-16T15:24:27" time="0.132" errors="0">
  <properties>
    <property name="java.runtime.name" value="Java(TM) SE Runtime Environment">
    </property>
    <property 
    name="sun.boot.library.path" value="/usr/java/jdk1.7.0_45-cloudera/jre/lib/amd64">
</property>
    <property name="java.vm.version" value="24.45-b08"> </property>
    <property name="java.vm.vendor" value="Oracle Corporation"> </property>
    <property name="java.vendor.url" value="http://java.oracle.com/">
    </property>
    <property name="path.separator" value=":"> </property>
    <property name="java.vm.name" value="Java HotSpot(TM) 64-Bit Server VM">
    </property>
    <property name="file.encoding.pkg" value="sun.io"> </property>
    <property name="user.country" value="US"> </property>
    <property name="sun.java.launcher" value="SUN_STANDARD"> </property>
    <property name="sun.os.patch.level" value="unknown"> </property>
    <property 
    name="java.vm.specification.name" value="Java Virtual Machine Specification">
</property>
    <property 
    name="user.dir" value="/var/lib/jenkins/HiBench/common/mahout-distribution-0.9-cdh5.1.0-SNAPSHOT/math-scala">
</property>
    <property name="java.runtime.version" value="1.7.0_45-b18"> </property>
    <property 
    name="java.awt.graphicsenv" value="sun.awt.X11GraphicsEnvironment">
</property>
    <property 
    name="basedir" value="/var/lib/jenkins/HiBench/common/mahout-distribution-0.9-cdh5.1.0-SNAPSHOT/math-scala">
</property>
    <property 
    name="java.endorsed.dirs" value="/usr/java/jdk1.7.0_45-cloudera/jre/lib/endorsed">
</property>
    <property name="os.arch" value="amd64"> </property>
    <property name="java.io.tmpdir" value="/tmp"> </property>
    <property name="line.separator" value=" "> </property>
    <property name="java.vm.specification.vendor" value="Oracle Corporation">
    </property>
    <property name="os.name" value="Linux"> </property>
    <property name="sun.jnu.encoding" value="UTF-8"> </property>
    <property 
    name="java.library.path" value="/usr/java/packages/lib/amd64:/usr/lib64:/lib64:/lib:/usr/lib">
</property>
    <property 
    name="java.specification.name" value="Java Platform API Specification">
</property>
    <property name="java.class.version" value="51.0"> </property>
    <property 
    name="sun.management.compiler" value="HotSpot 64-Bit Tiered Compilers">
</property>
    <property name="os.version" value="2.6.32-358.23.2.el6.x86_64"> </property>
    <property name="user.home" value="/var/lib/jenkins"> </property>
    <property name="user.timezone" value=""> </property>
    <property name="java.awt.printerjob" value="sun.print.PSPrinterJob">
    </property>
    <property name="file.encoding" value="UTF-8"> </property>
    <property name="java.specification.version" value="1.7"> </property>
    <property name="user.name" value="jenkins"> </property>
    <property 
    name="java.class.path" value="/var/lib/jenkins/HiBench/common/mahout-distribution-0.9-cdh5.1.0-SNAPSHOT/math-scala/target/test-classes:/var/lib/jenkins/HiBench/common/mahout-distribution-0.9-cdh5.1.0-SNAPSHOT/math-scala/target/classes:/var/lib/jenkins/HiBench/common/mahout-distribution-0.9-cdh5.1.0-SNAPSHOT/math/target/mahout-math-0.9-cdh5.1.0-SNAPSHOT.jar:/var/lib/jenkins/.m2/repository/org/apache/commons/commons-math3/3.2/commons-math3-3.2.jar:/var/lib/jenkins/.m2/repository/com/google/guava/guava/16.0/guava-16.0.jar:/var/lib/jenkins/.m2/repository/org/slf4j/slf4j-api/1.7.5/slf4j-api-1.7.5.jar:/var/lib/jenkins/.m2/repository/org/scala-lang/scala-library/2.9.3/scala-library-2.9.3.jar:/var/lib/jenkins/.m2/repository/org/scalatest/scalatest_2.9.2/1.9.1/scalatest_2.9.2-1.9.1.jar">
</property>
    <property name="java.vm.specification.version" value="1.7"> </property>
    <property name="sun.arch.data.model" value="64"> </property>
    <property name="java.home" value="/usr/java/jdk1.7.0_45-cloudera/jre">
    </property>
    <property 
    name="sun.java.command" value="org.scalatest.tools.Runner -p /var/lib/jenkins/HiBench/common/mahout-distribution-0.9-cdh5.1.0-SNAPSHOT/math-scala/target/classes /var/lib/jenkins/HiBench/common/mahout-distribution-0.9-cdh5.1.0-SNAPSHOT/math-scala/target/test-classes -o -fWDF /var/lib/jenkins/HiBench/common/mahout-distribution-0.9-cdh5.1.0-SNAPSHOT/math-scala/target/scalatest-reports/TestSuite.txt -u /var/lib/jenkins/HiBench/common/mahout-distribution-0.9-cdh5.1.0-SNAPSHOT/math-scala/target/scalatest-reports/.">
</property>
    <property name="java.specification.vendor" value="Oracle Corporation">
    </property>
    <property name="user.language" value="en"> </property>
    <property name="awt.toolkit" value="sun.awt.X11.XToolkit"> </property>
    <property name="java.vm.info" value="mixed mode"> </property>
    <property name="java.version" value="1.7.0_45"> </property>
    <property 
    name="java.ext.dirs" value="/usr/java/jdk1.7.0_45-cloudera/jre/lib/ext:/usr/java/packages/lib/ext">
</property>
    <property 
    name="sun.boot.class.path" value="/usr/java/jdk1.7.0_45-cloudera/jre/lib/resources.jar:/usr/java/jdk1.7.0_45-cloudera/jre/lib/rt.jar:/usr/java/jdk1.7.0_45-cloudera/jre/lib/sunrsasign.jar:/usr/java/jdk1.7.0_45-cloudera/jre/lib/jsse.jar:/usr/java/jdk1.7.0_45-cloudera/jre/lib/jce.jar:/usr/java/jdk1.7.0_45-cloudera/jre/lib/charsets.jar:/usr/java/jdk1.7.0_45-cloudera/jre/lib/jfr.jar:/usr/java/jdk1.7.0_45-cloudera/jre/classes">
</property>
    <property name="java.vendor" value="Oracle Corporation"> </property>
    <property name="file.separator" value="/"> </property>
    <property 
    name="java.vendor.url.bug" value="http://bugreport.sun.com/bugreport/">
</property>
    <property name="sun.cpu.endian" value="little"> </property>
    <property name="sun.io.unicode.encoding" value="UnicodeLittle"> </property>
    <property name="sun.cpu.isalist" value=""> </property>
  </properties>
  <testcase 
  name="inline create" time="0.047" classname="org.apache.mahout.math.scalabindings.VectorOpsSuite">
</testcase>
  <testcase 
  name="plus minus" time="0.066" classname="org.apache.mahout.math.scalabindings.VectorOpsSuite">
</testcase>
  <testcase 
  name="dot" time="0.001" classname="org.apache.mahout.math.scalabindings.VectorOpsSuite">
</testcase>
  <system-out><![CDATA[]]></system-out>
  <system-err><![CDATA[]]></system-err>
</testsuite>
