<?xml version="1.0" encoding="UTF-8"?>
<testsuite name="org.apache.mahout.math.VectorBinaryAssignTest" time="0.329" tests="80" errors="0" skipped="0" failures="0">
  <properties>
    <property name="java.runtime.name" value="Java(TM) SE Runtime Environment"/>
    <property name="sun.boot.library.path" value="/usr/java/jdk1.7.0_45-cloudera/jre/lib/amd64"/>
    <property name="java.vm.version" value="24.45-b08"/>
    <property name="java.vm.vendor" value="Oracle Corporation"/>
    <property name="java.vendor.url" value="http://java.oracle.com/"/>
    <property name="path.separator" value=":"/>
    <property name="guice.disable.misplaced.annotation.check" value="true"/>
    <property name="java.vm.name" value="Java HotSpot(TM) 64-Bit Server VM"/>
    <property name="file.encoding.pkg" value="sun.io"/>
    <property name="user.country" value="US"/>
    <property name="sun.java.launcher" value="SUN_STANDARD"/>
    <property name="sun.os.patch.level" value="unknown"/>
    <property name="java.vm.specification.name" value="Java Virtual Machine Specification"/>
    <property name="user.dir" value="/var/lib/jenkins/HiBench/common/mahout-distribution-0.9-cdh5.1.0-SNAPSHOT"/>
    <property name="java.runtime.version" value="1.7.0_45-b18"/>
    <property name="java.awt.graphicsenv" value="sun.awt.X11GraphicsEnvironment"/>
    <property name="java.endorsed.dirs" value="/usr/java/jdk1.7.0_45-cloudera/jre/lib/endorsed"/>
    <property name="os.arch" value="amd64"/>
    <property name="java.io.tmpdir" value="/tmp"/>
    <property name="line.separator" value="&#10;"/>
    <property name="java.vm.specification.vendor" value="Oracle Corporation"/>
    <property name="os.name" value="Linux"/>
    <property name="classworlds.conf" value="/usr/local/apache-maven/bin/m2.conf"/>
    <property name="sun.jnu.encoding" value="UTF-8"/>
    <property name="java.library.path" value="/usr/java/packages/lib/amd64:/usr/lib64:/lib64:/lib:/usr/lib"/>
    <property name="java.specification.name" value="Java Platform API Specification"/>
    <property name="java.class.version" value="51.0"/>
    <property name="sun.management.compiler" value="HotSpot 64-Bit Tiered Compilers"/>
    <property name="maven.test.failure.ignore" value="true"/>
    <property name="os.version" value="2.6.32-358.23.2.el6.x86_64"/>
    <property name="user.home" value="/var/lib/jenkins"/>
    <property name="user.timezone" value="America/Los_Angeles"/>
    <property name="java.awt.printerjob" value="sun.print.PSPrinterJob"/>
    <property name="file.encoding" value="UTF-8"/>
    <property name="java.specification.version" value="1.7"/>
    <property name="user.name" value="jenkins"/>
    <property name="java.class.path" value="/usr/local/apache-maven/boot/plexus-classworlds-2.5.1.jar"/>
    <property name="org.slf4j.simpleLogger.defaultLogLevel" value="info"/>
    <property name="java.vm.specification.version" value="1.7"/>
    <property name="sun.arch.data.model" value="64"/>
    <property name="java.home" value="/usr/java/jdk1.7.0_45-cloudera/jre"/>
    <property name="sun.java.command" value="org.codehaus.plexus.classworlds.launcher.Launcher clean install -Dhadoop.profile=23 -Dmaven.test.failure.ignore=true -e"/>
    <property name="hadoop.profile" value="23"/>
    <property name="java.specification.vendor" value="Oracle Corporation"/>
    <property name="user.language" value="en"/>
    <property name="awt.toolkit" value="sun.awt.X11.XToolkit"/>
    <property name="java.vm.info" value="mixed mode"/>
    <property name="java.version" value="1.7.0_45"/>
    <property name="java.ext.dirs" value="/usr/java/jdk1.7.0_45-cloudera/jre/lib/ext:/usr/java/packages/lib/ext"/>
    <property name="securerandom.source" value="file:/dev/./urandom"/>
    <property name="sun.boot.class.path" value="/usr/java/jdk1.7.0_45-cloudera/jre/lib/resources.jar:/usr/java/jdk1.7.0_45-cloudera/jre/lib/rt.jar:/usr/java/jdk1.7.0_45-cloudera/jre/lib/sunrsasign.jar:/usr/java/jdk1.7.0_45-cloudera/jre/lib/jsse.jar:/usr/java/jdk1.7.0_45-cloudera/jre/lib/jce.jar:/usr/java/jdk1.7.0_45-cloudera/jre/lib/charsets.jar:/usr/java/jdk1.7.0_45-cloudera/jre/lib/jfr.jar:/usr/java/jdk1.7.0_45-cloudera/jre/classes"/>
    <property name="java.vendor" value="Oracle Corporation"/>
    <property name="maven.home" value="/usr/local/apache-maven"/>
    <property name="file.separator" value="/"/>
    <property name="java.vendor.url.bug" value="http://bugreport.sun.com/bugreport/"/>
    <property name="sun.cpu.endian" value="little"/>
    <property name="sun.io.unicode.encoding" value="UnicodeLittle"/>
    <property name="sun.cpu.isalist" value=""/>
  </properties>
  <testcase name="testAll[0]" classname="org.apache.mahout.math.VectorBinaryAssignTest" time="0.049"/>
  <testcase name="testAll[1]" classname="org.apache.mahout.math.VectorBinaryAssignTest" time="0.005"/>
  <testcase name="testAll[2]" classname="org.apache.mahout.math.VectorBinaryAssignTest" time="0.001"/>
  <testcase name="testAll[3]" classname="org.apache.mahout.math.VectorBinaryAssignTest" time="0.002"/>
  <testcase name="testAll[4]" classname="org.apache.mahout.math.VectorBinaryAssignTest" time="0.002"/>
  <testcase name="testAll[5]" classname="org.apache.mahout.math.VectorBinaryAssignTest" time="0.002"/>
  <testcase name="testAll[6]" classname="org.apache.mahout.math.VectorBinaryAssignTest" time="0.015"/>
  <testcase name="testAll[7]" classname="org.apache.mahout.math.VectorBinaryAssignTest" time="0.003"/>
  <testcase name="testAll[8]" classname="org.apache.mahout.math.VectorBinaryAssignTest" time="0.02"/>
  <testcase name="testAll[9]" classname="org.apache.mahout.math.VectorBinaryAssignTest" time="0.014"/>
  <testcase name="testAll[10]" classname="org.apache.mahout.math.VectorBinaryAssignTest" time="0.001"/>
  <testcase name="testAll[11]" classname="org.apache.mahout.math.VectorBinaryAssignTest" time="0.002"/>
  <testcase name="testAll[12]" classname="org.apache.mahout.math.VectorBinaryAssignTest" time="0.008"/>
  <testcase name="testAll[13]" classname="org.apache.mahout.math.VectorBinaryAssignTest" time="0.002"/>
  <testcase name="testAll[14]" classname="org.apache.mahout.math.VectorBinaryAssignTest" time="0.002"/>
  <testcase name="testAll[15]" classname="org.apache.mahout.math.VectorBinaryAssignTest" time="0.017"/>
  <testcase name="testAll[16]" classname="org.apache.mahout.math.VectorBinaryAssignTest" time="0.009"/>
  <testcase name="testAll[17]" classname="org.apache.mahout.math.VectorBinaryAssignTest" time="0.002"/>
  <testcase name="testAll[18]" classname="org.apache.mahout.math.VectorBinaryAssignTest" time="0.001"/>
  <testcase name="testAll[19]" classname="org.apache.mahout.math.VectorBinaryAssignTest" time="0.013"/>
  <testcase name="testAll[20]" classname="org.apache.mahout.math.VectorBinaryAssignTest" time="0.002"/>
  <testcase name="testAll[21]" classname="org.apache.mahout.math.VectorBinaryAssignTest" time="0.001"/>
  <testcase name="testAll[22]" classname="org.apache.mahout.math.VectorBinaryAssignTest" time="0.007"/>
  <testcase name="testAll[23]" classname="org.apache.mahout.math.VectorBinaryAssignTest" time="0.007"/>
  <testcase name="testAll[24]" classname="org.apache.mahout.math.VectorBinaryAssignTest" time="0.001"/>
  <testcase name="testAll[25]" classname="org.apache.mahout.math.VectorBinaryAssignTest" time="0.004"/>
  <testcase name="testAll[26]" classname="org.apache.mahout.math.VectorBinaryAssignTest" time="0.001"/>
  <testcase name="testAll[27]" classname="org.apache.mahout.math.VectorBinaryAssignTest" time="0.001"/>
  <testcase name="testAll[28]" classname="org.apache.mahout.math.VectorBinaryAssignTest" time="0.002"/>
  <testcase name="testAll[29]" classname="org.apache.mahout.math.VectorBinaryAssignTest" time="0.003"/>
  <testcase name="testAll[30]" classname="org.apache.mahout.math.VectorBinaryAssignTest" time="0.001"/>
  <testcase name="testAll[31]" classname="org.apache.mahout.math.VectorBinaryAssignTest" time="0.013"/>
  <testcase name="testAll[32]" classname="org.apache.mahout.math.VectorBinaryAssignTest" time="0"/>
  <testcase name="testAll[33]" classname="org.apache.mahout.math.VectorBinaryAssignTest" time="0"/>
  <testcase name="testAll[34]" classname="org.apache.mahout.math.VectorBinaryAssignTest" time="0"/>
  <testcase name="testAll[35]" classname="org.apache.mahout.math.VectorBinaryAssignTest" time="0"/>
  <testcase name="testAll[36]" classname="org.apache.mahout.math.VectorBinaryAssignTest" time="0.006"/>
  <testcase name="testAll[37]" classname="org.apache.mahout.math.VectorBinaryAssignTest" time="0.002"/>
  <testcase name="testAll[38]" classname="org.apache.mahout.math.VectorBinaryAssignTest" time="0.002"/>
  <testcase name="testAll[39]" classname="org.apache.mahout.math.VectorBinaryAssignTest" time="0.002"/>
  <testcase name="testAll[40]" classname="org.apache.mahout.math.VectorBinaryAssignTest" time="0.002"/>
  <testcase name="testAll[41]" classname="org.apache.mahout.math.VectorBinaryAssignTest" time="0.009"/>
  <testcase name="testAll[42]" classname="org.apache.mahout.math.VectorBinaryAssignTest" time="0.001"/>
  <testcase name="testAll[43]" classname="org.apache.mahout.math.VectorBinaryAssignTest" time="0.001"/>
  <testcase name="testAll[44]" classname="org.apache.mahout.math.VectorBinaryAssignTest" time="0.001"/>
  <testcase name="testAll[45]" classname="org.apache.mahout.math.VectorBinaryAssignTest" time="0.012"/>
  <testcase name="testAll[46]" classname="org.apache.mahout.math.VectorBinaryAssignTest" time="0.002"/>
  <testcase name="testAll[47]" classname="org.apache.mahout.math.VectorBinaryAssignTest" time="0.003"/>
  <testcase name="testAll[48]" classname="org.apache.mahout.math.VectorBinaryAssignTest" time="0.002"/>
  <testcase name="testAll[49]" classname="org.apache.mahout.math.VectorBinaryAssignTest" time="0.002"/>
  <testcase name="testAll[50]" classname="org.apache.mahout.math.VectorBinaryAssignTest" time="0.001"/>
  <testcase name="testAll[51]" classname="org.apache.mahout.math.VectorBinaryAssignTest" time="0.005"/>
  <testcase name="testAll[52]" classname="org.apache.mahout.math.VectorBinaryAssignTest" time="0.001"/>
  <testcase name="testAll[53]" classname="org.apache.mahout.math.VectorBinaryAssignTest" time="0.001"/>
  <testcase name="testAll[54]" classname="org.apache.mahout.math.VectorBinaryAssignTest" time="0.006"/>
  <testcase name="testAll[55]" classname="org.apache.mahout.math.VectorBinaryAssignTest" time="0.001"/>
  <testcase name="testAll[56]" classname="org.apache.mahout.math.VectorBinaryAssignTest" time="0.001"/>
  <testcase name="testAll[57]" classname="org.apache.mahout.math.VectorBinaryAssignTest" time="0.006"/>
  <testcase name="testAll[58]" classname="org.apache.mahout.math.VectorBinaryAssignTest" time="0.001"/>
  <testcase name="testAll[59]" classname="org.apache.mahout.math.VectorBinaryAssignTest" time="0.007"/>
  <testcase name="testAll[60]" classname="org.apache.mahout.math.VectorBinaryAssignTest" time="0.001"/>
  <testcase name="testAll[61]" classname="org.apache.mahout.math.VectorBinaryAssignTest" time="0.002"/>
  <testcase name="testAll[62]" classname="org.apache.mahout.math.VectorBinaryAssignTest" time="0.001"/>
  <testcase name="testAll[63]" classname="org.apache.mahout.math.VectorBinaryAssignTest" time="0.007"/>
  <testcase name="testAll[64]" classname="org.apache.mahout.math.VectorBinaryAssignTest" time="0.001"/>
  <testcase name="testAll[65]" classname="org.apache.mahout.math.VectorBinaryAssignTest" time="0.002"/>
  <testcase name="testAll[66]" classname="org.apache.mahout.math.VectorBinaryAssignTest" time="0.001"/>
  <testcase name="testAll[67]" classname="org.apache.mahout.math.VectorBinaryAssignTest" time="0.004"/>
  <testcase name="testAll[68]" classname="org.apache.mahout.math.VectorBinaryAssignTest" time="0.001"/>
  <testcase name="testAll[69]" classname="org.apache.mahout.math.VectorBinaryAssignTest" time="0.002"/>
  <testcase name="testAll[70]" classname="org.apache.mahout.math.VectorBinaryAssignTest" time="0.002"/>
  <testcase name="testAll[71]" classname="org.apache.mahout.math.VectorBinaryAssignTest" time="0.001"/>
  <testcase name="testAll[72]" classname="org.apache.mahout.math.VectorBinaryAssignTest" time="0.001"/>
  <testcase name="testAll[73]" classname="org.apache.mahout.math.VectorBinaryAssignTest" time="0.001"/>
  <testcase name="testAll[74]" classname="org.apache.mahout.math.VectorBinaryAssignTest" time="0.002"/>
  <testcase name="testAll[75]" classname="org.apache.mahout.math.VectorBinaryAssignTest" time="0.001"/>
  <testcase name="testAll[76]" classname="org.apache.mahout.math.VectorBinaryAssignTest" time="0.001"/>
  <testcase name="testAll[77]" classname="org.apache.mahout.math.VectorBinaryAssignTest" time="0.006"/>
  <testcase name="testAll[78]" classname="org.apache.mahout.math.VectorBinaryAssignTest" time="0.001"/>
  <testcase name="testAll[79]" classname="org.apache.mahout.math.VectorBinaryAssignTest" time="0.001"/>
</testsuite>