<?xml version="1.0" encoding="UTF-8"?>
<testsuite name="org.apache.mahout.math.TestRandomAccessSparseVector" time="10.589" tests="43" errors="0" skipped="0" failures="0">
  <properties>
    <property name="java.runtime.name" value="Java(TM) SE Runtime Environment"/>
    <property name="sun.boot.library.path" value="/usr/java/jdk1.7.0_45-cloudera/jre/lib/amd64"/>
    <property name="java.vm.version" value="24.45-b08"/>
    <property name="java.vm.vendor" value="Oracle Corporation"/>
    <property name="java.vendor.url" value="http://java.oracle.com/"/>
    <property name="path.separator" value=":"/>
    <property name="guice.disable.misplaced.annotation.check" value="true"/>
    <property name="java.vm.name" value="Java HotSpot(TM) 64-Bit Server VM"/>
    <property name="file.encoding.pkg" value="sun.io"/>
    <property name="user.country" value="US"/>
    <property name="sun.java.launcher" value="SUN_STANDARD"/>
    <property name="sun.os.patch.level" value="unknown"/>
    <property name="java.vm.specification.name" value="Java Virtual Machine Specification"/>
    <property name="user.dir" value="/var/lib/jenkins/HiBench/common/mahout-distribution-0.9-cdh5.1.0-SNAPSHOT"/>
    <property name="java.runtime.version" value="1.7.0_45-b18"/>
    <property name="java.awt.graphicsenv" value="sun.awt.X11GraphicsEnvironment"/>
    <property name="java.endorsed.dirs" value="/usr/java/jdk1.7.0_45-cloudera/jre/lib/endorsed"/>
    <property name="os.arch" value="amd64"/>
    <property name="java.io.tmpdir" value="/tmp"/>
    <property name="line.separator" value="&#10;"/>
    <property name="java.vm.specification.vendor" value="Oracle Corporation"/>
    <property name="os.name" value="Linux"/>
    <property name="classworlds.conf" value="/usr/local/apache-maven/bin/m2.conf"/>
    <property name="sun.jnu.encoding" value="UTF-8"/>
    <property name="java.library.path" value="/usr/java/packages/lib/amd64:/usr/lib64:/lib64:/lib:/usr/lib"/>
    <property name="java.specification.name" value="Java Platform API Specification"/>
    <property name="java.class.version" value="51.0"/>
    <property name="sun.management.compiler" value="HotSpot 64-Bit Tiered Compilers"/>
    <property name="maven.test.failure.ignore" value="true"/>
    <property name="os.version" value="2.6.32-358.23.2.el6.x86_64"/>
    <property name="user.home" value="/var/lib/jenkins"/>
    <property name="user.timezone" value="America/Los_Angeles"/>
    <property name="java.awt.printerjob" value="sun.print.PSPrinterJob"/>
    <property name="file.encoding" value="UTF-8"/>
    <property name="java.specification.version" value="1.7"/>
    <property name="user.name" value="jenkins"/>
    <property name="java.class.path" value="/usr/local/apache-maven/boot/plexus-classworlds-2.5.1.jar"/>
    <property name="org.slf4j.simpleLogger.defaultLogLevel" value="info"/>
    <property name="java.vm.specification.version" value="1.7"/>
    <property name="sun.arch.data.model" value="64"/>
    <property name="java.home" value="/usr/java/jdk1.7.0_45-cloudera/jre"/>
    <property name="sun.java.command" value="org.codehaus.plexus.classworlds.launcher.Launcher clean install -Dhadoop.profile=23 -Dmaven.test.failure.ignore=true -e"/>
    <property name="hadoop.profile" value="23"/>
    <property name="java.specification.vendor" value="Oracle Corporation"/>
    <property name="user.language" value="en"/>
    <property name="awt.toolkit" value="sun.awt.X11.XToolkit"/>
    <property name="java.vm.info" value="mixed mode"/>
    <property name="java.version" value="1.7.0_45"/>
    <property name="java.ext.dirs" value="/usr/java/jdk1.7.0_45-cloudera/jre/lib/ext:/usr/java/packages/lib/ext"/>
    <property name="securerandom.source" value="file:/dev/./urandom"/>
    <property name="sun.boot.class.path" value="/usr/java/jdk1.7.0_45-cloudera/jre/lib/resources.jar:/usr/java/jdk1.7.0_45-cloudera/jre/lib/rt.jar:/usr/java/jdk1.7.0_45-cloudera/jre/lib/sunrsasign.jar:/usr/java/jdk1.7.0_45-cloudera/jre/lib/jsse.jar:/usr/java/jdk1.7.0_45-cloudera/jre/lib/jce.jar:/usr/java/jdk1.7.0_45-cloudera/jre/lib/charsets.jar:/usr/java/jdk1.7.0_45-cloudera/jre/lib/jfr.jar:/usr/java/jdk1.7.0_45-cloudera/jre/classes"/>
    <property name="java.vendor" value="Oracle Corporation"/>
    <property name="maven.home" value="/usr/local/apache-maven"/>
    <property name="file.separator" value="/"/>
    <property name="java.vendor.url.bug" value="http://bugreport.sun.com/bugreport/"/>
    <property name="sun.cpu.endian" value="little"/>
    <property name="sun.io.unicode.encoding" value="UnicodeLittle"/>
    <property name="sun.cpu.isalist" value=""/>
  </properties>
  <testcase name="testCopy" classname="org.apache.mahout.math.TestRandomAccessSparseVector" time="0.161"/>
  <testcase name="testIterators" classname="org.apache.mahout.math.TestRandomAccessSparseVector" time="0.343"/>
  <testcase name="testIteratorSet" classname="org.apache.mahout.math.TestRandomAccessSparseVector" time="0.046"/>
  <testcase name="testPlusDouble" classname="org.apache.mahout.math.TestRandomAccessSparseVector" time="0.045"/>
  <testcase name="testToString" classname="org.apache.mahout.math.TestRandomAccessSparseVector" time="0.211"/>
  <testcase name="testAssignDouble" classname="org.apache.mahout.math.TestRandomAccessSparseVector" time="0.079"/>
  <testcase name="testSet" classname="org.apache.mahout.math.TestRandomAccessSparseVector" time="0.084"/>
  <testcase name="testPlusVectorCardinality" classname="org.apache.mahout.math.TestRandomAccessSparseVector" time="0.102"/>
  <testcase name="testAssignBinaryFunction2" classname="org.apache.mahout.math.TestRandomAccessSparseVector" time="0.084"/>
  <testcase name="testDot" classname="org.apache.mahout.math.TestRandomAccessSparseVector" time="0.084"/>
  <testcase name="testGetDistanceSquared" classname="org.apache.mahout.math.TestRandomAccessSparseVector" time="0.118"/>
  <testcase name="testDivideDouble" classname="org.apache.mahout.math.TestRandomAccessSparseVector" time="0.077"/>
  <testcase name="testAssignDoubleArrayCardinality" classname="org.apache.mahout.math.TestRandomAccessSparseVector" time="0.099"/>
  <testcase name="testDot2" classname="org.apache.mahout.math.TestRandomAccessSparseVector" time="0.113"/>
  <testcase name="testNormalize" classname="org.apache.mahout.math.TestRandomAccessSparseVector" time="0.095"/>
  <testcase name="testAssignUnaryFunction" classname="org.apache.mahout.math.TestRandomAccessSparseVector" time="0.082"/>
  <testcase name="testAssignVector" classname="org.apache.mahout.math.TestRandomAccessSparseVector" time="0.102"/>
  <testcase name="testPlusVector" classname="org.apache.mahout.math.TestRandomAccessSparseVector" time="0.057"/>
  <testcase name="testTimesVector" classname="org.apache.mahout.math.TestRandomAccessSparseVector" time="0.059"/>
  <testcase name="testViewPartCardinality" classname="org.apache.mahout.math.TestRandomAccessSparseVector" time="0.077"/>
  <testcase name="testViewPartOver" classname="org.apache.mahout.math.TestRandomAccessSparseVector" time="0.068"/>
  <testcase name="testCrossProduct" classname="org.apache.mahout.math.TestRandomAccessSparseVector" time="0.085"/>
  <testcase name="testAssignBinaryFunction" classname="org.apache.mahout.math.TestRandomAccessSparseVector" time="0.075"/>
  <testcase name="testViewPart" classname="org.apache.mahout.math.TestRandomAccessSparseVector" time="0.044"/>
  <testcase name="testViewPartUnder" classname="org.apache.mahout.math.TestRandomAccessSparseVector" time="0.048"/>
  <testcase name="testCardinality" classname="org.apache.mahout.math.TestRandomAccessSparseVector" time="0.05"/>
  <testcase name="testSparseDoubleVectorInt" classname="org.apache.mahout.math.TestRandomAccessSparseVector" time="0.066"/>
  <testcase name="testGetUnder" classname="org.apache.mahout.math.TestRandomAccessSparseVector" time="0.035"/>
  <testcase name="testIterator" classname="org.apache.mahout.math.TestRandomAccessSparseVector" time="0.053"/>
  <testcase name="testLike" classname="org.apache.mahout.math.TestRandomAccessSparseVector" time="0.052"/>
  <testcase name="testGet" classname="org.apache.mahout.math.TestRandomAccessSparseVector" time="0.032"/>
  <testcase name="testSmallDistances" classname="org.apache.mahout.math.TestRandomAccessSparseVector" time="6.373"/>
  <testcase name="testGetOver" classname="org.apache.mahout.math.TestRandomAccessSparseVector" time="0.143"/>
  <testcase name="testMinus" classname="org.apache.mahout.math.TestRandomAccessSparseVector" time="0.14"/>
  <testcase name="testAssignVectorCardinality" classname="org.apache.mahout.math.TestRandomAccessSparseVector" time="0.134"/>
  <testcase name="testAssignBinaryFunction3" classname="org.apache.mahout.math.TestRandomAccessSparseVector" time="0.133"/>
  <testcase name="testAssignDoubleArray" classname="org.apache.mahout.math.TestRandomAccessSparseVector" time="0.133"/>
  <testcase name="testTimesVectorCardinality" classname="org.apache.mahout.math.TestRandomAccessSparseVector" time="0.133"/>
  <testcase name="testSimpleOps" classname="org.apache.mahout.math.TestRandomAccessSparseVector" time="0.14"/>
  <testcase name="testDotCardinality" classname="org.apache.mahout.math.TestRandomAccessSparseVector" time="0.134"/>
  <testcase name="testTimesDouble" classname="org.apache.mahout.math.TestRandomAccessSparseVector" time="0.133"/>
  <testcase name="testZSum" classname="org.apache.mahout.math.TestRandomAccessSparseVector" time="0.134"/>
  <testcase name="testSize" classname="org.apache.mahout.math.TestRandomAccessSparseVector" time="0.133"/>
</testsuite>